-------------------------------------------------------------------------------
Test set: com.mohism.pudding.AppTest
-------------------------------------------------------------------------------
<<<<<<< HEAD
Tests run: 1, Failures: 0, Errors: 0, Skipped: 0, Time elapsed: 0.062 s - in com.mohism.pudding.AppTest
=======
<<<<<<< HEAD
Tests run: 1, Failures: 0, Errors: 0, Skipped: 0, Time elapsed: 0.243 s - in com.mohism.pudding.AppTest
=======
Tests run: 1, Failures: 0, Errors: 0, Skipped: 0, Time elapsed: 0.066 s - in com.mohism.pudding.AppTest
>>>>>>> 6e03d054f2d17df5236dd5f2b917fcc7f11236de
>>>>>>> a4d8c8ba0de3c75d884c249ec9fa05ac1f4bfc57
